<?xml version="1.0" encoding="utf-8"?><testsuites name="pytest tests"><testsuite name="pytest" errors="0" failures="0" skipped="0" tests="630" time="13.189" timestamp="2026-08-20T13:13:07.446304+09:00" hostname="DESKTOP-HAJKE01"><testcase classname="tests.test_advanced_production_features" name="test_safetensors_save_and_load_roundtrip[python]" time="0.011" /><testcase classname="tests.test_advanced_production_features" name="test_safetensors_save_and_load_roundtrip[numpy]" time="0.008" /><testcase classname="tests.test_advanced_production_features" name="test_rotary_position_embedding_forward_backward[python]" time="0.005" /><testcase classname="tests.test_advanced_production_features" name="test_rotary_position_embedding_forward_backward[numpy]" time="0.002" /><testcase classname="tests.test_advanced_production_features" name="test_mmap_token_dataset_streaming_and_cleanup[python]" time="0.008" /><testcase classname="tests.test_advanced_production_features" name="test_mmap_token_dataset_streaming_and_cleanup[numpy]" time="0.007" /><testcase classname="tests.test_advanced_production_features" name="test_int8_quantization_inference_parity[python]" time="0.002" /><testcase classname="tests.test_advanced_production_features" name="test_int8_quantization_inference_parity[numpy]" time="0.002" /><testcase classname="tests.test_audit_deep_hardening" name="test_fully_masked_sequence_logsumexp_and_softmax_no_nan[python]" time="0.002" /><testcase classname="tests.test_audit_deep_hardening" name="test_fully_masked_sequence_logsumexp_and_softmax_no_nan[numpy]" time="0.001" /><testcase classname="tests.test_audit_deep_hardening" name="test_softmax_multi_axes_and_keepdims[0-python]" time="0.001" /><testcase classname="tests.test_audit_deep_hardening" name="test_softmax_multi_axes_and_keepdims[0-numpy]" time="0.001" /><testcase classname="tests.test_audit_deep_hardening" name="test_softmax_multi_axes_and_keepdims[1-python]" time="0.001" /><testcase classname="tests.test_audit_deep_hardening" name="test_softmax_multi_axes_and_keepdims[1-numpy]" time="0.001" /><testcase classname="tests.test_audit_deep_hardening" name="test_softmax_multi_axes_and_keepdims[-1-python]" time="0.002" /><testcase classname="tests.test_audit_deep_hardening" name="test_softmax_multi_axes_and_keepdims[-1-numpy]" time="0.002" /><testcase classname="tests.test_audit_deep_hardening" name="test_4d_and_5d_linear_forward_backward[python]" time="0.013" /><testcase classname="tests.test_audit_deep_hardening" name="test_4d_and_5d_linear_forward_backward[numpy]" time="0.002" /><testcase classname="tests.test_audit_deep_hardening" name="test_cyclic_dag_autograd_cycle_detection[python]" time="0.002" /><testcase classname="tests.test_audit_deep_hardening" name="test_cyclic_dag_autograd_cycle_detection[numpy]" time="0.002" /><testcase classname="tests.test_audit_deep_hardening" name="test_diamond_dag_not_detected_as_cycle[python]" time="0.002" /><testcase classname="tests.test_audit_deep_hardening" name="test_diamond_dag_not_detected_as_cycle[numpy]" time="0.002" /><testcase classname="tests.test_audit_deep_hardening" name="test_view_of_view_and_sibling_view_version_invalidation[python]" time="0.001" /><testcase classname="tests.test_audit_deep_hardening" name="test_view_of_view_and_sibling_view_version_invalidation[numpy]" time="0.001" /><testcase classname="tests.test_audit_deep_hardening" name="test_fused_cross_entropy_loss_int64_targets[python]" time="0.002" /><testcase classname="tests.test_audit_deep_hardening" name="test_fused_cross_entropy_loss_int64_targets[numpy]" time="0.001" /><testcase classname="tests.test_audit_deep_hardening" name="test_cross_entropy_all_ignored_targets[python]" time="0.001" /><testcase classname="tests.test_audit_deep_hardening" name="test_cross_entropy_all_ignored_targets[numpy]" time="0.001" /><testcase classname="tests.test_audit_deep_hardening" name="test_cross_entropy_shape_and_bounds_validation[python]" time="0.002" /><testcase classname="tests.test_audit_deep_hardening" name="test_cross_entropy_shape_and_bounds_validation[numpy]" time="0.002" /><testcase classname="tests.test_audit_deep_hardening" name="test_bce_with_logits_loss_extreme_stability[python]" time="0.001" /><testcase classname="tests.test_audit_deep_hardening" name="test_bce_with_logits_loss_extreme_stability[numpy]" time="0.001" /><testcase classname="tests.test_audit_deep_hardening" name="test_bce_with_logits_loss_shape_mismatch[python]" time="0.001" /><testcase classname="tests.test_audit_deep_hardening" name="test_bce_with_logits_loss_shape_mismatch[numpy]" time="0.001" /><testcase classname="tests.test_audit_hardening" name="test_explicit_dtype_promotion_arithmetic[python]" time="0.001" /><testcase classname="tests.test_audit_hardening" name="test_explicit_dtype_promotion_arithmetic[numpy]" time="0.002" /><testcase classname="tests.test_audit_hardening" name="test_inplace_mutation_autograd_guard[python]" time="0.002" /><testcase classname="tests.test_audit_hardening" name="test_inplace_mutation_autograd_guard[numpy]" time="0.002" /><testcase classname="tests.test_audit_hardening" name="test_ieee754_division_and_log_behavior[python]" time="0.002" /><testcase classname="tests.test_audit_hardening" name="test_ieee754_division_and_log_behavior[numpy]" time="0.002" /><testcase classname="tests.test_audit_hardening" name="test_module_load_state_dict_atomic_rollback[python]" time="0.003" /><testcase classname="tests.test_audit_hardening" name="test_module_load_state_dict_atomic_rollback[numpy]" time="0.002" /><testcase classname="tests.test_audit_hardening" name="test_optimizer_step_atomic_rollback_on_error[python]" time="0.003" /><testcase classname="tests.test_audit_hardening" name="test_optimizer_step_atomic_rollback_on_error[numpy]" time="0.002" /><testcase classname="tests.test_audit_production_fixes" name="test_multihead_attention_causal_mask_caching[python]" time="0.016" /><testcase classname="tests.test_audit_production_fixes" name="test_multihead_attention_causal_mask_caching[numpy]" time="0.005" /><testcase classname="tests.test_audit_production_fixes" name="test_multihead_attention_cross_attention[python]" time="0.014" /><testcase classname="tests.test_audit_production_fixes" name="test_multihead_attention_cross_attention[numpy]" time="0.003" /><testcase classname="tests.test_audit_production_fixes" name="test_multihead_attention_nd_batch_support[python]" time="0.655" /><testcase classname="tests.test_audit_production_fixes" name="test_multihead_attention_nd_batch_support[numpy]" time="0.092" /><testcase classname="tests.test_audit_production_fixes" name="test_tiny_transformer_lm_weight_tying[python]" time="0.518" /><testcase classname="tests.test_audit_production_fixes" name="test_tiny_transformer_lm_weight_tying[numpy]" time="0.109" /><testcase classname="tests.test_audit_production_fixes" name="test_tiny_transformer_lm_safe_temperature_generation[python]" time="0.551" /><testcase classname="tests.test_audit_production_fixes" name="test_tiny_transformer_lm_safe_temperature_generation[numpy]" time="0.118" /><testcase classname="tests.test_audit_production_fixes" name="test_cross_entropy_target_dtype_type_error[python]" time="0.001" /><testcase classname="tests.test_audit_production_fixes" name="test_cross_entropy_target_dtype_type_error[numpy]" time="0.001" /><testcase classname="tests.test_autograd" name="test_autograd_scalar_ops[python]" time="0.002" /><testcase classname="tests.test_autograd" name="test_autograd_scalar_ops[numpy]" time="0.002" /><testcase classname="tests.test_autograd" name="test_autograd_gradient_accumulation[python]" time="0.001" /><testcase classname="tests.test_autograd" name="test_autograd_gradient_accumulation[numpy]" time="0.001" /><testcase classname="tests.test_autograd" name="test_autograd_division_and_pow[python]" time="0.001" /><testcase classname="tests.test_autograd" name="test_autograd_division_and_pow[numpy]" time="0.001" /><testcase classname="tests.test_autograd" name="test_autograd_vector_elementwise[python]" time="0.001" /><testcase classname="tests.test_autograd" name="test_autograd_vector_elementwise[numpy]" time="0.001" /><testcase classname="tests.test_autograd" name="test_autograd_matmul_2d[python]" time="0.001" /><testcase classname="tests.test_autograd" name="test_autograd_matmul_2d[numpy]" time="0.001" /><testcase classname="tests.test_autograd" name="test_autograd_relu_and_mean[python]" time="0.003" /><testcase classname="tests.test_autograd" name="test_autograd_relu_and_mean[numpy]" time="0.001" /><testcase classname="tests.test_autograd" name="test_scalar_backward_without_gradient[python]" time="0.001" /><testcase classname="tests.test_autograd" name="test_scalar_backward_without_gradient[numpy]" time="0.001" /><testcase classname="tests.test_autograd" name="test_non_scalar_backward_requires_gradient[python]" time="0.001" /><testcase classname="tests.test_autograd" name="test_non_scalar_backward_requires_gradient[numpy]" time="0.001" /><testcase classname="tests.test_autograd" name="test_non_scalar_backward_with_explicit_gradient[python]" time="0.001" /><testcase classname="tests.test_autograd" name="test_non_scalar_backward_with_explicit_gradient[numpy]" time="0.001" /><testcase classname="tests.test_autograd" name="test_non_scalar_backward_allow_implicit_grad[python]" time="0.001" /><testcase classname="tests.test_autograd" name="test_non_scalar_backward_allow_implicit_grad[numpy]" time="0.001" /><testcase classname="tests.test_autograd" name="test_transpose_nd_inverse_permutation_backward[python]" time="0.002" /><testcase classname="tests.test_autograd" name="test_transpose_nd_inverse_permutation_backward[numpy]" time="0.001" /><testcase classname="tests.test_autograd" name="test_axis_aware_sum_mean_backward[python]" time="0.001" /><testcase classname="tests.test_autograd" name="test_axis_aware_sum_mean_backward[numpy]" time="0.001" /><testcase classname="tests.test_autograd" name="test_matmul_1d_1d_backward[python]" time="0.001" /><testcase classname="tests.test_autograd" name="test_matmul_1d_1d_backward[numpy]" time="0.001" /><testcase classname="tests.test_autograd" name="test_matmul_2d_1d_backward[python]" time="0.001" /><testcase classname="tests.test_autograd" name="test_matmul_2d_1d_backward[numpy]" time="0.001" /><testcase classname="tests.test_autograd" name="test_matmul_2d_2d_backward[python]" time="0.001" /><testcase classname="tests.test_autograd" name="test_matmul_2d_2d_backward[numpy]" time="0.001" /><testcase classname="tests.test_autograd" name="test_matmul_3d_2d_backward[python]" time="0.001" /><testcase classname="tests.test_autograd" name="test_matmul_3d_2d_backward[numpy]" time="0.001" /><testcase classname="tests.test_autograd" name="test_matmul_3d_3d_backward[python]" time="0.001" /><testcase classname="tests.test_autograd" name="test_matmul_3d_3d_backward[numpy]" time="0.001" /><testcase classname="tests.test_autograd" name="test_accumulate_grad_data_respects_requires_grad[python]" time="0.001" /><testcase classname="tests.test_autograd" name="test_accumulate_grad_data_respects_requires_grad[numpy]" time="0.001" /><testcase classname="tests.test_autograd" name="test_accumulate_grad_data_accumulates_twice[python]" time="0.001" /><testcase classname="tests.test_autograd" name="test_accumulate_grad_data_accumulates_twice[numpy]" time="0.001" /><testcase classname="tests.test_autograd" name="test_matmul_gradient_accumulation_across_backward_calls[python]" time="0.001" /><testcase classname="tests.test_autograd" name="test_matmul_gradient_accumulation_across_backward_calls[numpy]" time="0.001" /><testcase classname="tests.test_autograd" name="test_matmul_zero_grad_then_backward_restarts_gradient[python]" time="0.001" /><testcase classname="tests.test_autograd" name="test_matmul_zero_grad_then_backward_restarts_gradient[numpy]" time="0.002" /><testcase classname="tests.test_autograd" name="test_matmul_only_left_requires_grad[python]" time="0.001" /><testcase classname="tests.test_autograd" name="test_matmul_only_left_requires_grad[numpy]" time="0.002" /><testcase classname="tests.test_autograd" name="test_matmul_only_right_requires_grad[python]" time="0.001" /><testcase classname="tests.test_autograd" name="test_matmul_only_right_requires_grad[numpy]" time="0.001" /><testcase classname="tests.test_autograd" name="test_matmul_3d_2d_only_input_requires_grad[python]" time="0.001" /><testcase classname="tests.test_autograd" name="test_matmul_3d_2d_only_input_requires_grad[numpy]" time="0.001" /><testcase classname="tests.test_autograd" name="test_matmul_3d_2d_only_weight_requires_grad[python]" time="0.001" /><testcase classname="tests.test_autograd" name="test_matmul_3d_2d_only_weight_requires_grad[numpy]" time="0.002" /><testcase classname="tests.test_autograd" name="test_matmul_1d_2d_backward[python]" time="0.001" /><testcase classname="tests.test_autograd" name="test_matmul_1d_2d_backward[numpy]" time="0.001" /><testcase classname="tests.test_autograd" name="test_matmul_1d_3d_backward[python]" time="0.002" /><testcase classname="tests.test_autograd" name="test_matmul_1d_3d_backward[numpy]" time="0.002" /><testcase classname="tests.test_autograd" name="test_matmul_2d_3d_backward[python]" time="0.002" /><testcase classname="tests.test_autograd" name="test_matmul_2d_3d_backward[numpy]" time="0.001" /><testcase classname="tests.test_autograd" name="test_matmul_3d_1d_backward[python]" time="0.001" /><testcase classname="tests.test_autograd" name="test_matmul_3d_1d_backward[numpy]" time="0.001" /><testcase classname="tests.test_autograd" name="test_matmul_all_shape_mismatches_and_unsupported[python]" time="0.001" /><testcase classname="tests.test_autograd" name="test_matmul_all_shape_mismatches_and_unsupported[numpy]" time="0.001" /><testcase classname="tests.test_autograd_correctness" name="test_dot_product_respects_explicit_scalar_upstream_gradient[python]" time="0.001" /><testcase classname="tests.test_autograd_correctness" name="test_dot_product_respects_explicit_scalar_upstream_gradient[numpy]" time="0.001" /><testcase classname="tests.test_autograd_correctness" name="test_optimizer_step_invalidates_existing_graph[python]" time="0.001" /><testcase classname="tests.test_autograd_correctness" name="test_optimizer_step_invalidates_existing_graph[numpy]" time="0.001" /><testcase classname="tests.test_autograd_correctness" name="test_load_state_dict_invalidates_existing_graph[python]" time="0.001" /><testcase classname="tests.test_autograd_correctness" name="test_load_state_dict_invalidates_existing_graph[numpy]" time="0.001" /><testcase classname="tests.test_autograd_correctness" name="test_intermediate_tensor_rejects_backward_after_parent_graph_freed[python]" time="0.001" /><testcase classname="tests.test_autograd_correctness" name="test_intermediate_tensor_rejects_backward_after_parent_graph_freed[numpy]" time="0.001" /><testcase classname="tests.test_autograd_correctness" name="test_no_grad_output_does_not_retain_grad_fn[python]" time="0.001" /><testcase classname="tests.test_autograd_correctness" name="test_no_grad_output_does_not_retain_grad_fn[numpy]" time="0.001" /><testcase classname="tests.test_autograd_correctness" name="test_max_tied_values_gradient_conserves_upstream_mass[python]" time="0.001" /><testcase classname="tests.test_autograd_correctness" name="test_max_tied_values_gradient_conserves_upstream_mass[numpy]" time="0.001" /><testcase classname="tests.test_autograd_correctness" name="test_sqrt_negative_is_nan[python]" time="0.001" /><testcase classname="tests.test_autograd_correctness" name="test_sqrt_negative_is_nan[numpy]" time="0.001" /><testcase classname="tests.test_autograd_correctness" name="test_int64_overflow_parity[python]" time="0.001" /><testcase classname="tests.test_autograd_correctness" name="test_int64_overflow_parity[numpy]" time="0.001" /><testcase classname="tests.test_autograd_correctness" name="test_shared_module_parameters_dedup[python]" time="0.001" /><testcase classname="tests.test_autograd_correctness" name="test_shared_module_parameters_dedup[numpy]" time="0.001" /><testcase classname="tests.test_autograd_correctness" name="test_backward_exception_poisons_graph[python]" time="0.001" /><testcase classname="tests.test_autograd_correctness" name="test_backward_exception_poisons_graph[numpy]" time="0.001" /><testcase classname="tests.test_autograd_correctness" name="test_leaf_remains_usable_after_graph_backward[python]" time="0.001" /><testcase classname="tests.test_autograd_correctness" name="test_leaf_remains_usable_after_graph_backward[numpy]" time="0.001" /><testcase classname="tests.test_autograd_correctness" name="test_contextvar_multithread_isolation" time="0.002" /><testcase classname="tests.test_autograd_correctness" name="test_int64_boundary_overflow_cases[python]" time="0.001" /><testcase classname="tests.test_autograd_correctness" name="test_int64_boundary_overflow_cases[numpy]" time="0.001" /><testcase classname="tests.test_autograd_lifecycle" name="test_no_grad_context_manager[python]" time="0.001" /><testcase classname="tests.test_autograd_lifecycle" name="test_no_grad_context_manager[numpy]" time="0.001" /><testcase classname="tests.test_autograd_lifecycle" name="test_no_grad_decorator[python]" time="0.001" /><testcase classname="tests.test_autograd_lifecycle" name="test_no_grad_decorator[numpy]" time="0.001" /><testcase classname="tests.test_autograd_lifecycle" name="test_inflight_dag_dissection_and_second_backward_guard[python]" time="0.001" /><testcase classname="tests.test_autograd_lifecycle" name="test_inflight_dag_dissection_and_second_backward_guard[numpy]" time="0.001" /><testcase classname="tests.test_autograd_lifecycle" name="test_retain_graph_multi_backward[python]" time="0.001" /><testcase classname="tests.test_autograd_lifecycle" name="test_retain_graph_multi_backward[numpy]" time="0.001" /><testcase classname="tests.test_backend" name="test_backend_shape_and_conversions[backend0]" time="0.001" /><testcase classname="tests.test_backend" name="test_backend_shape_and_conversions[backend1]" time="0.001" /><testcase classname="tests.test_backend" name="test_backend_elementwise[backend0]" time="0.001" /><testcase classname="tests.test_backend" name="test_backend_elementwise[backend1]" time="0.001" /><testcase classname="tests.test_backend" name="test_backend_matmul[backend0]" time="0.001" /><testcase classname="tests.test_backend" name="test_backend_matmul[backend1]" time="0.001" /><testcase classname="tests.test_backend" name="test_backend_broadcasting_unbroadcast[backend0]" time="0.001" /><testcase classname="tests.test_backend" name="test_backend_broadcasting_unbroadcast[backend1]" time="0.001" /><testcase classname="tests.test_backend" name="test_backend_matmul_shapes[backend0]" time="0.001" /><testcase classname="tests.test_backend" name="test_backend_matmul_shapes[backend1]" time="0.001" /><testcase classname="tests.test_backend" name="test_backend_take[backend0]" time="0.001" /><testcase classname="tests.test_backend" name="test_backend_take[backend1]" time="0.001" /><testcase classname="tests.test_backend" name="test_matmul_all_rank_combinations_backend_parity" time="0.001" /><testcase classname="tests.test_docfold" name="test_docfold_record_serialization" time="0.001" /><testcase classname="tests.test_docfold" name="test_docfold_dataset_jsonl_roundtrip" time="0.005" /><testcase classname="tests.test_docfold" name="test_docfold_batch_generation_and_padding" time="0.001" /><testcase classname="tests.test_dtype" name="test_dtype_creation_and_inference[python]" time="0.001" /><testcase classname="tests.test_dtype" name="test_dtype_creation_and_inference[numpy]" time="0.001" /><testcase classname="tests.test_dtype" name="test_non_differentiable_dtype_invariants[python]" time="0.001" /><testcase classname="tests.test_dtype" name="test_non_differentiable_dtype_invariants[numpy]" time="0.001" /><testcase classname="tests.test_dtype" name="test_dtype_factory_functions_and_item[python]" time="0.001" /><testcase classname="tests.test_dtype" name="test_dtype_factory_functions_and_item[numpy]" time="0.001" /><testcase classname="tests.test_dtype" name="test_cross_backend_dtype_preservation" time="0.001" /><testcase classname="tests.test_embedding" name="test_embedding_forward_shapes_and_values[python]" time="0.001" /><testcase classname="tests.test_embedding" name="test_embedding_forward_shapes_and_values[numpy]" time="0.001" /><testcase classname="tests.test_embedding" name="test_embedding_backward_gradient_accumulation[python]" time="0.001" /><testcase classname="tests.test_embedding" name="test_embedding_backward_gradient_accumulation[numpy]" time="0.001" /><testcase classname="tests.test_embedding" name="test_embedding_padding_idx_masking[python]" time="0.001" /><testcase classname="tests.test_embedding" name="test_embedding_padding_idx_masking[numpy]" time="0.001" /><testcase classname="tests.test_embedding" name="test_embedding_index_out_of_bounds_errors[python]" time="0.001" /><testcase classname="tests.test_embedding" name="test_embedding_index_out_of_bounds_errors[numpy]" time="0.001" /><testcase classname="tests.test_embedding" name="test_embedding_state_dict_and_load[python]" time="0.001" /><testcase classname="tests.test_embedding" name="test_embedding_state_dict_and_load[numpy]" time="0.002" /><testcase classname="tests.test_embedding" name="test_embedding_constructor_invariants" time="0.002" /><testcase classname="tests.test_functional_hardening" name="test_joint_causal_and_padding_mask[python]" time="0.548" /><testcase classname="tests.test_functional_hardening" name="test_joint_causal_and_padding_mask[numpy]" time="0.094" /><testcase classname="tests.test_functional_hardening" name="test_clip_grad_norm_l2[python]" time="0.001" /><testcase classname="tests.test_functional_hardening" name="test_clip_grad_norm_l2[numpy]" time="0.001" /><testcase classname="tests.test_functional_hardening" name="test_clip_grad_norm_inf[python]" time="0.001" /><testcase classname="tests.test_functional_hardening" name="test_clip_grad_norm_inf[numpy]" time="0.001" /><testcase classname="tests.test_functional_hardening" name="test_incremental_kv_caching_parity[python]" time="0.105" /><testcase classname="tests.test_functional_hardening" name="test_incremental_kv_caching_parity[numpy]" time="0.013" /><testcase classname="tests.test_functional_hardening" name="test_generate_early_stopping_on_eos[python]" time="0.026" /><testcase classname="tests.test_functional_hardening" name="test_generate_early_stopping_on_eos[numpy]" time="0.019" /><testcase classname="tests.test_gradcheck" name="test_gradcheck_simple_math[python]" time="0.005" /><testcase classname="tests.test_gradcheck" name="test_gradcheck_simple_math[numpy]" time="0.002" /><testcase classname="tests.test_gradcheck" name="test_gradcheck_matmul_1d_1d[python]" time="0.001" /><testcase classname="tests.test_gradcheck" name="test_gradcheck_matmul_1d_1d[numpy]" time="0.001" /><testcase classname="tests.test_gradcheck" name="test_gradcheck_matmul_1d_2d[python]" time="0.002" /><testcase classname="tests.test_gradcheck" name="test_gradcheck_matmul_1d_2d[numpy]" time="0.002" /><testcase classname="tests.test_gradcheck" name="test_gradcheck_matmul_1d_3d[python]" time="0.003" /><testcase classname="tests.test_gradcheck" name="test_gradcheck_matmul_1d_3d[numpy]" time="0.003" /><testcase classname="tests.test_gradcheck" name="test_gradcheck_matmul_2d_1d[python]" time="0.002" /><testcase classname="tests.test_gradcheck" name="test_gradcheck_matmul_2d_1d[numpy]" time="0.002" /><testcase classname="tests.test_gradcheck" name="test_gradcheck_matmul_2d_2d[python]" time="0.003" /><testcase classname="tests.test_gradcheck" name="test_gradcheck_matmul_2d_2d[numpy]" time="0.002" /><testcase classname="tests.test_gradcheck" name="test_gradcheck_matmul_2d_3d[python]" time="0.002" /><testcase classname="tests.test_gradcheck" name="test_gradcheck_matmul_2d_3d[numpy]" time="0.001" /><testcase classname="tests.test_gradcheck" name="test_gradcheck_matmul_3d_1d[python]" time="0.003" /><testcase classname="tests.test_gradcheck" name="test_gradcheck_matmul_3d_1d[numpy]" time="0.002" /><testcase classname="tests.test_gradcheck" name="test_gradcheck_matmul_3d_2d[python]" time="0.003" /><testcase classname="tests.test_gradcheck" name="test_gradcheck_matmul_3d_2d[numpy]" time="0.002" /><testcase classname="tests.test_gradcheck" name="test_gradcheck_matmul_3d_3d[python]" time="0.003" /><testcase classname="tests.test_gradcheck" name="test_gradcheck_matmul_3d_3d[numpy]" time="0.002" /><testcase classname="tests.test_gradcheck" name="test_gradcheck_activations[python]" time="0.002" /><testcase classname="tests.test_gradcheck" name="test_gradcheck_activations[numpy]" time="0.001" /><testcase classname="tests.test_gradcheck" name="test_gradcheck_rejects_non_scalar_output[python]" time="0.001" /><testcase classname="tests.test_gradcheck" name="test_gradcheck_rejects_non_scalar_output[numpy]" time="0.001" /><testcase classname="tests.test_gradcheck" name="test_gradcheck_accepts_scalar_output[python]" time="0.001" /><testcase classname="tests.test_gradcheck" name="test_gradcheck_accepts_scalar_output[numpy]" time="0.002" /><testcase classname="tests.test_lora" name="test_lora_normal_creation[python]" time="0.002" /><testcase classname="tests.test_lora" name="test_lora_normal_creation[numpy]" time="0.002" /><testcase classname="tests.test_lora" name="test_lora_rank_boundaries[python]" time="0.002" /><testcase classname="tests.test_lora" name="test_lora_rank_boundaries[numpy]" time="0.001" /><testcase classname="tests.test_lora" name="test_lora_invalid_in_features[python-0]" time="0.002" /><testcase classname="tests.test_lora" name="test_lora_invalid_in_features[python--1]" time="0.002" /><testcase classname="tests.test_lora" name="test_lora_invalid_in_features[python--5]" time="0.002" /><testcase classname="tests.test_lora" name="test_lora_invalid_in_features[python-True]" time="0.002" /><testcase classname="tests.test_lora" name="test_lora_invalid_in_features[python-False]" time="0.002" /><testcase classname="tests.test_lora" name="test_lora_invalid_in_features[python-3.5]" time="0.002" /><testcase classname="tests.test_lora" name="test_lora_invalid_in_features[python-8]" time="0.002" /><testcase classname="tests.test_lora" name="test_lora_invalid_in_features[python-None]" time="0.001" /><testcase classname="tests.test_lora" name="test_lora_invalid_in_features[python-invalid_in8]" time="0.001" /><testcase classname="tests.test_lora" name="test_lora_invalid_in_features[numpy-0]" time="0.001" /><testcase classname="tests.test_lora" name="test_lora_invalid_in_features[numpy--1]" time="0.002" /><testcase classname="tests.test_lora" name="test_lora_invalid_in_features[numpy--5]" time="0.001" /><testcase classname="tests.test_lora" name="test_lora_invalid_in_features[numpy-True]" time="0.001" /><testcase classname="tests.test_lora" name="test_lora_invalid_in_features[numpy-False]" time="0.001" /><testcase classname="tests.test_lora" name="test_lora_invalid_in_features[numpy-3.5]" time="0.002" /><testcase classname="tests.test_lora" name="test_lora_invalid_in_features[numpy-8]" time="0.002" /><testcase classname="tests.test_lora" name="test_lora_invalid_in_features[numpy-None]" time="0.002" /><testcase classname="tests.test_lora" name="test_lora_invalid_in_features[numpy-invalid_in8]" time="0.002" /><testcase classname="tests.test_lora" name="test_lora_invalid_out_features[python-0]" time="0.002" /><testcase classname="tests.test_lora" name="test_lora_invalid_out_features[python--1]" time="0.002" /><testcase classname="tests.test_lora" name="test_lora_invalid_out_features[python--5]" time="0.002" /><testcase classname="tests.test_lora" name="test_lora_invalid_out_features[python-True]" time="0.001" /><testcase classname="tests.test_lora" name="test_lora_invalid_out_features[python-False]" time="0.001" /><testcase classname="tests.test_lora" name="test_lora_invalid_out_features[python-2.5]" time="0.002" /><testcase classname="tests.test_lora" name="test_lora_invalid_out_features[python-4]" time="0.001" /><testcase classname="tests.test_lora" name="test_lora_invalid_out_features[python-None]" time="0.002" /><testcase classname="tests.test_lora" name="test_lora_invalid_out_features[python-invalid_out8]" time="0.001" /><testcase classname="tests.test_lora" name="test_lora_invalid_out_features[numpy-0]" time="0.001" /><testcase classname="tests.test_lora" name="test_lora_invalid_out_features[numpy--1]" time="0.001" /><testcase classname="tests.test_lora" name="test_lora_invalid_out_features[numpy--5]" time="0.001" /><testcase classname="tests.test_lora" name="test_lora_invalid_out_features[numpy-True]" time="0.001" /><testcase classname="tests.test_lora" name="test_lora_invalid_out_features[numpy-False]" time="0.001" /><testcase classname="tests.test_lora" name="test_lora_invalid_out_features[numpy-2.5]" time="0.002" /><testcase classname="tests.test_lora" name="test_lora_invalid_out_features[numpy-4]" time="0.002" /><testcase classname="tests.test_lora" name="test_lora_invalid_out_features[numpy-None]" time="0.002" /><testcase classname="tests.test_lora" name="test_lora_invalid_out_features[numpy-invalid_out8]" time="0.002" /><testcase classname="tests.test_lora" name="test_lora_invalid_rank[python-0]" time="0.001" /><testcase classname="tests.test_lora" name="test_lora_invalid_rank[python--1]" time="0.003" /><testcase classname="tests.test_lora" name="test_lora_invalid_rank[python-True]" time="0.002" /><testcase classname="tests.test_lora" name="test_lora_invalid_rank[python-False]" time="0.001" /><testcase classname="tests.test_lora" name="test_lora_invalid_rank[python-1.5]" time="0.001" /><testcase classname="tests.test_lora" name="test_lora_invalid_rank[python-2]" time="0.001" /><testcase classname="tests.test_lora" name="test_lora_invalid_rank[python-None]" time="0.001" /><testcase classname="tests.test_lora" name="test_lora_invalid_rank[python-5]" time="0.001" /><testcase classname="tests.test_lora" name="test_lora_invalid_rank[numpy-0]" time="0.001" /><testcase classname="tests.test_lora" name="test_lora_invalid_rank[numpy--1]" time="0.001" /><testcase classname="tests.test_lora" name="test_lora_invalid_rank[numpy-True]" time="0.001" /><testcase classname="tests.test_lora" name="test_lora_invalid_rank[numpy-False]" time="0.001" /><testcase classname="tests.test_lora" name="test_lora_invalid_rank[numpy-1.5]" time="0.001" /><testcase classname="tests.test_lora" name="test_lora_invalid_rank[numpy-2]" time="0.001" /><testcase classname="tests.test_lora" name="test_lora_invalid_rank[numpy-None]" time="0.001" /><testcase classname="tests.test_lora" name="test_lora_invalid_rank[numpy-5]" time="0.001" /><testcase classname="tests.test_lora" name="test_lora_invalid_alpha[python-0]" time="0.001" /><testcase classname="tests.test_lora" name="test_lora_invalid_alpha[python-0.0]" time="0.001" /><testcase classname="tests.test_lora" name="test_lora_invalid_alpha[python--1.0]" time="0.001" /><testcase classname="tests.test_lora" name="test_lora_invalid_alpha[python-nan]" time="0.001" /><testcase classname="tests.test_lora" name="test_lora_invalid_alpha[python-inf]" time="0.001" /><testcase classname="tests.test_lora" name="test_lora_invalid_alpha[python--inf]" time="0.001" /><testcase classname="tests.test_lora" name="test_lora_invalid_alpha[python-True]" time="0.001" /><testcase classname="tests.test_lora" name="test_lora_invalid_alpha[python-False]" time="0.001" /><testcase classname="tests.test_lora" name="test_lora_invalid_alpha[python-1.0]" time="0.001" /><testcase classname="tests.test_lora" name="test_lora_invalid_alpha[python-None]" time="0.001" /><testcase classname="tests.test_lora" name="test_lora_invalid_alpha[numpy-0]" time="0.001" /><testcase classname="tests.test_lora" name="test_lora_invalid_alpha[numpy-0.0]" time="0.001" /><testcase classname="tests.test_lora" name="test_lora_invalid_alpha[numpy--1.0]" time="0.001" /><testcase classname="tests.test_lora" name="test_lora_invalid_alpha[numpy-nan]" time="0.001" /><testcase classname="tests.test_lora" name="test_lora_invalid_alpha[numpy-inf]" time="0.001" /><testcase classname="tests.test_lora" name="test_lora_invalid_alpha[numpy--inf]" time="0.002" /><testcase classname="tests.test_lora" name="test_lora_invalid_alpha[numpy-True]" time="0.001" /><testcase classname="tests.test_lora" name="test_lora_invalid_alpha[numpy-False]" time="0.001" /><testcase classname="tests.test_lora" name="test_lora_invalid_alpha[numpy-1.0]" time="0.001" /><testcase classname="tests.test_lora" name="test_lora_invalid_alpha[numpy-None]" time="0.001" /><testcase classname="tests.test_lora" name="test_lora_bias_false[python]" time="0.001" /><testcase classname="tests.test_lora" name="test_lora_bias_false[numpy]" time="0.001" /><testcase classname="tests.test_lora" name="test_lora_backend_preservation[python]" time="0.001" /><testcase classname="tests.test_lora" name="test_lora_backend_preservation[numpy]" time="0.001" /><testcase classname="tests.test_lora" name="test_lora_b_zero_initialization[python]" time="0.001" /><testcase classname="tests.test_lora" name="test_lora_b_zero_initialization[numpy]" time="0.002" /><testcase classname="tests.test_lora" name="test_lora_base_frozen_and_adapter_trainable[python]" time="0.001" /><testcase classname="tests.test_lora" name="test_lora_base_frozen_and_adapter_trainable[numpy]" time="0.001" /><testcase classname="tests.test_lora" name="test_lora_adapter_parameter_apis[python]" time="0.001" /><testcase classname="tests.test_lora" name="test_lora_adapter_parameter_apis[numpy]" time="0.001" /><testcase classname="tests.test_lora" name="test_lora_recursive_model_helpers[python]" time="0.001" /><testcase classname="tests.test_lora" name="test_lora_recursive_model_helpers[numpy]" time="0.001" /><testcase classname="tests.test_lora" name="test_lora_from_linear_identity_and_value_preservation[python]" time="0.001" /><testcase classname="tests.test_lora" name="test_lora_from_linear_identity_and_value_preservation[numpy]" time="0.001" /><testcase classname="tests.test_lora" name="test_lora_initial_output_identity_1d_2d_3d[python]" time="0.003" /><testcase classname="tests.test_lora" name="test_lora_initial_output_identity_1d_2d_3d[numpy]" time="0.003" /><testcase classname="tests.test_lora" name="test_lora_manual_forward_reference_with_nonzero_b[python]" time="0.003" /><testcase classname="tests.test_lora" name="test_lora_manual_forward_reference_with_nonzero_b[numpy]" time="0.002" /><testcase classname="tests.test_lora" name="test_lora_input_validation_errors[python]" time="0.002" /><testcase classname="tests.test_lora" name="test_lora_input_validation_errors[numpy]" time="0.002" /><testcase classname="tests.test_lora" name="test_lora_gradient_isolation_and_base_invariance[python]" time="0.004" /><testcase classname="tests.test_lora" name="test_lora_gradient_isolation_and_base_invariance[numpy]" time="0.005" /><testcase classname="tests.test_lora" name="test_lora_adapter_only_optimizer_step_leaves_base_identical[python]" time="0.004" /><testcase classname="tests.test_lora" name="test_lora_adapter_only_optimizer_step_leaves_base_identical[numpy]" time="0.002" /><testcase classname="tests.test_lora" name="test_lora_adapter_state_dict_schema_and_exclusion[python]" time="0.002" /><testcase classname="tests.test_lora" name="test_lora_adapter_state_dict_schema_and_exclusion[numpy]" time="0.002" /><testcase classname="tests.test_lora" name="test_lora_adapter_state_dict_deep_copy_isolation[python]" time="0.001" /><testcase classname="tests.test_lora" name="test_lora_adapter_state_dict_deep_copy_isolation[numpy]" time="0.001" /><testcase classname="tests.test_lora" name="test_lora_single_layer_load_adapter_state_dict_round_trip[python]" time="0.001" /><testcase classname="tests.test_lora" name="test_lora_single_layer_load_adapter_state_dict_round_trip[numpy]" time="0.001" /><testcase classname="tests.test_lora" name="test_lora_cross_backend_portability" time="0.002" /><testcase classname="tests.test_lora" name="test_lora_load_atomic_rejections_and_rollback[python]" time="0.004" /><testcase classname="tests.test_lora" name="test_lora_load_atomic_rejections_and_rollback[numpy]" time="0.003" /><testcase classname="tests.test_lora" name="test_lora_model_level_adapter_state_dict_and_atomic_loading[python]" time="0.004" /><testcase classname="tests.test_lora" name="test_lora_model_level_adapter_state_dict_and_atomic_loading[numpy]" time="0.006" /><testcase classname="tests.test_lora" name="test_lora_model_level_atomic_rollback_on_partial_failure[python]" time="0.004" /><testcase classname="tests.test_lora" name="test_lora_model_level_atomic_rollback_on_partial_failure[numpy]" time="0.002" /><testcase classname="tests.test_lora" name="test_lora_single_layer_commit_failure_injection_rollback[python]" time="0.002" /><testcase classname="tests.test_lora" name="test_lora_single_layer_commit_failure_injection_rollback[numpy]" time="0.002" /><testcase classname="tests.test_lora" name="test_lora_recursive_model_commit_failure_injection_rollback[python]" time="0.003" /><testcase classname="tests.test_lora" name="test_lora_recursive_model_commit_failure_injection_rollback[numpy]" time="0.003" /><testcase classname="tests.test_lora" name="test_lora_metadata_bool_and_type_rejections[python]" time="0.003" /><testcase classname="tests.test_lora" name="test_lora_metadata_bool_and_type_rejections[numpy]" time="0.003" /><testcase classname="tests.test_lora" name="test_lora_container_schema_and_key_type_rejections[python]" time="0.003" /><testcase classname="tests.test_lora" name="test_lora_container_schema_and_key_type_rejections[numpy]" time="0.003" /><testcase classname="tests.test_lora" name="test_lora_strict_false_with_malformed_present_field_raises[python]" time="0.002" /><testcase classname="tests.test_lora" name="test_lora_strict_false_with_malformed_present_field_raises[numpy]" time="0.002" /><testcase classname="tests.test_lora" name="test_single_layer_rejects_model_container_schema_mismatch[python]" time="0.003" /><testcase classname="tests.test_lora" name="test_single_layer_rejects_model_container_schema_mismatch[numpy]" time="0.005" /><testcase classname="tests.test_lora" name="test_container_model_rejects_outer_schema_mismatch[python]" time="0.003" /><testcase classname="tests.test_lora" name="test_container_model_rejects_outer_schema_mismatch[numpy]" time="0.003" /><testcase classname="tests.test_lora" name="test_lora_single_layer_merge_forward_parity_and_unmerge_restoration[python]" time="0.004" /><testcase classname="tests.test_lora" name="test_lora_single_layer_merge_forward_parity_and_unmerge_restoration[numpy]" time="0.003" /><testcase classname="tests.test_lora" name="test_lora_deep_snapshot_exact_restoration_after_adapter_mutation[python]" time="0.003" /><testcase classname="tests.test_lora" name="test_lora_deep_snapshot_exact_restoration_after_adapter_mutation[numpy]" time="0.002" /><testcase classname="tests.test_lora" name="test_lora_repeated_merge_unmerge_cycles_no_drift[python]" time="0.009" /><testcase classname="tests.test_lora" name="test_lora_repeated_merge_unmerge_cycles_no_drift[numpy]" time="0.004" /><testcase classname="tests.test_lora" name="test_lora_illegal_merge_unmerge_lifecycle_rejections[python]" time="0.003" /><testcase classname="tests.test_lora" name="test_lora_illegal_merge_unmerge_lifecycle_rejections[numpy]" time="0.002" /><testcase classname="tests.test_lora" name="test_lora_merge_unmerge_parameter_identities_and_optimizer_references[python]" time="0.003" /><testcase classname="tests.test_lora" name="test_lora_merge_unmerge_parameter_identities_and_optimizer_references[numpy]" time="0.002" /><testcase classname="tests.test_lora" name="test_lora_merge_unmerge_gradient_lifecycle[python]" time="0.004" /><testcase classname="tests.test_lora" name="test_lora_merge_unmerge_gradient_lifecycle[numpy]" time="0.002" /><testcase classname="tests.test_lora" name="test_lora_merged_state_serialization_policy[python]" time="0.003" /><testcase classname="tests.test_lora" name="test_lora_merged_state_serialization_policy[numpy]" time="0.004" /><testcase classname="tests.test_lora" name="test_lora_merge_preflight_calculation_failure_rejections[python]" time="0.003" /><testcase classname="tests.test_lora" name="test_lora_merge_preflight_calculation_failure_rejections[numpy]" time="0.002" /><testcase classname="tests.test_lora" name="test_lora_merge_commit_failure_injection_rollback[python]" time="0.003" /><testcase classname="tests.test_lora" name="test_lora_merge_commit_failure_injection_rollback[numpy]" time="0.002" /><testcase classname="tests.test_lora" name="test_lora_unmerge_commit_failure_injection_rollback[python]" time="0.002" /><testcase classname="tests.test_lora" name="test_lora_unmerge_commit_failure_injection_rollback[numpy]" time="0.002" /><testcase classname="tests.test_lora" name="test_lora_recursive_module_merge_and_unmerge[python]" time="0.006" /><testcase classname="tests.test_lora" name="test_lora_recursive_module_merge_and_unmerge[numpy]" time="0.004" /><testcase classname="tests.test_lora" name="test_lora_recursive_shared_module_deduplication[python]" time="0.002" /><testcase classname="tests.test_lora" name="test_lora_recursive_shared_module_deduplication[numpy]" time="0.002" /><testcase classname="tests.test_lora" name="test_lora_recursive_mixed_lifecycle_rejections[python]" time="0.003" /><testcase classname="tests.test_lora" name="test_lora_recursive_mixed_lifecycle_rejections[numpy]" time="0.002" /><testcase classname="tests.test_lora" name="test_lora_recursive_merge_commit_failure_injection_rollback[python]" time="0.003" /><testcase classname="tests.test_lora" name="test_lora_recursive_merge_commit_failure_injection_rollback[numpy]" time="0.002" /><testcase classname="tests.test_lora" name="test_lora_empty_module_merge_unmerge_noop[python]" time="0.002" /><testcase classname="tests.test_lora" name="test_lora_empty_module_merge_unmerge_noop[numpy]" time="0.001" /><testcase classname="tests.test_lora" name="test_lora_unmerged_with_stale_snapshot_single_and_recursive_rejections[python]" time="0.004" /><testcase classname="tests.test_lora" name="test_lora_unmerged_with_stale_snapshot_single_and_recursive_rejections[numpy]" time="0.001" /><testcase classname="tests.test_lora" name="test_lora_unmerge_snapshot_shape_mismatch_rejections[python]" time="0.002" /><testcase classname="tests.test_lora" name="test_lora_unmerge_snapshot_shape_mismatch_rejections[numpy]" time="0.002" /><testcase classname="tests.test_lora" name="test_lora_merge_delta_and_merged_weight_shape_mismatch_rejections[python]" time="0.001" /><testcase classname="tests.test_lora" name="test_lora_merge_delta_and_merged_weight_shape_mismatch_rejections[numpy]" time="0.002" /><testcase classname="tests.test_lora" name="test_lora_merge_scaling_runtime_validation_rejections[python]" time="0.003" /><testcase classname="tests.test_lora" name="test_lora_merge_scaling_runtime_validation_rejections[numpy]" time="0.002" /><testcase classname="tests.test_lora_checkpoint" name="test_lora_checkpoint_api_combination_matrix[python]" time="0.041" /><testcase classname="tests.test_lora_checkpoint" name="test_lora_checkpoint_api_combination_matrix[numpy]" time="0.034" /><testcase classname="tests.test_lora_checkpoint" name="test_lora_checkpoint_outer_container_rejections[python]" time="0.136" /><testcase classname="tests.test_lora_checkpoint" name="test_lora_checkpoint_outer_container_rejections[numpy]" time="0.127" /><testcase classname="tests.test_lora_checkpoint" name="test_lora_checkpoint_missing_payload_keys[python-format]" time="0.026" /><testcase classname="tests.test_lora_checkpoint" name="test_lora_checkpoint_missing_payload_keys[python-version]" time="0.028" /><testcase classname="tests.test_lora_checkpoint" name="test_lora_checkpoint_missing_payload_keys[python-timestamp]" time="0.029" /><testcase classname="tests.test_lora_checkpoint" name="test_lora_checkpoint_missing_payload_keys[python-epoch]" time="0.033" /><testcase classname="tests.test_lora_checkpoint" name="test_lora_checkpoint_missing_payload_keys[python-global_step]" time="0.028" /><testcase classname="tests.test_lora_checkpoint" name="test_lora_checkpoint_missing_payload_keys[python-adapter_state]" time="0.028" /><testcase classname="tests.test_lora_checkpoint" name="test_lora_checkpoint_missing_payload_keys[python-optimizer_state]" time="0.034" /><testcase classname="tests.test_lora_checkpoint" name="test_lora_checkpoint_missing_payload_keys[python-extra]" time="0.037" /><testcase classname="tests.test_lora_checkpoint" name="test_lora_checkpoint_missing_payload_keys[numpy-format]" time="0.041" /><testcase classname="tests.test_lora_checkpoint" name="test_lora_checkpoint_missing_payload_keys[numpy-version]" time="0.043" /><testcase classname="tests.test_lora_checkpoint" name="test_lora_checkpoint_missing_payload_keys[numpy-timestamp]" time="0.040" /><testcase classname="tests.test_lora_checkpoint" name="test_lora_checkpoint_missing_payload_keys[numpy-epoch]" time="0.030" /><testcase classname="tests.test_lora_checkpoint" name="test_lora_checkpoint_missing_payload_keys[numpy-global_step]" time="0.035" /><testcase classname="tests.test_lora_checkpoint" name="test_lora_checkpoint_missing_payload_keys[numpy-adapter_state]" time="0.028" /><testcase classname="tests.test_lora_checkpoint" name="test_lora_checkpoint_missing_payload_keys[numpy-optimizer_state]" time="0.027" /><testcase classname="tests.test_lora_checkpoint" name="test_lora_checkpoint_missing_payload_keys[numpy-extra]" time="0.029" /><testcase classname="tests.test_lora_checkpoint" name="test_lora_checkpoint_unexpected_payload_key[python]" time="0.034" /><testcase classname="tests.test_lora_checkpoint" name="test_lora_checkpoint_unexpected_payload_key[numpy]" time="0.027" /><testcase classname="tests.test_lora_checkpoint" name="test_lora_checkpoint_scalar_type_and_range_rejections[python]" time="0.931" /><testcase classname="tests.test_lora_checkpoint" name="test_lora_checkpoint_scalar_type_and_range_rejections[numpy]" time="1.009" /><testcase classname="tests.test_lora_checkpoint" name="test_lora_checkpoint_unmerged_lifecycle_matrix[python]" time="0.024" /><testcase classname="tests.test_lora_checkpoint" name="test_lora_checkpoint_unmerged_lifecycle_matrix[numpy]" time="0.026" /><testcase classname="tests.test_lora_checkpoint" name="test_lora_checkpoint_optimizer_variants[python]" time="0.083" /><testcase classname="tests.test_lora_checkpoint" name="test_lora_checkpoint_optimizer_variants[numpy]" time="0.066" /><testcase classname="tests.test_lora_checkpoint" name="test_lora_checkpoint_save_failure_injections[python]" time="0.029" /><testcase classname="tests.test_lora_checkpoint" name="test_lora_checkpoint_save_failure_injections[numpy]" time="0.030" /><testcase classname="tests.test_lora_checkpoint" name="test_lora_checkpoint_load_rollback_and_failure_chaining[python]" time="0.020" /><testcase classname="tests.test_lora_checkpoint" name="test_lora_checkpoint_load_rollback_and_failure_chaining[numpy]" time="0.021" /><testcase classname="tests.test_lora_checkpoint" name="test_lora_checkpoint_cross_backend_resume_and_step_parity" time="0.051" /><testcase classname="tests.test_lora_checkpoint" name="test_lora_checkpoint_shared_and_nested_modules[python]" time="0.027" /><testcase classname="tests.test_lora_checkpoint" name="test_lora_checkpoint_shared_and_nested_modules[numpy]" time="0.021" /><testcase classname="tests.test_lora_training" name="test_mobile_trainer_lora_constructor_validations[python]" time="0.005" /><testcase classname="tests.test_lora_training" name="test_mobile_trainer_lora_constructor_validations[numpy]" time="0.006" /><testcase classname="tests.test_lora_training" name="test_mobile_trainer_lora_preflight_rejections[python]" time="0.007" /><testcase classname="tests.test_lora_training" name="test_mobile_trainer_lora_preflight_rejections[numpy]" time="0.003" /><testcase classname="tests.test_lora_training" name="test_mobile_trainer_lora_gradient_and_base_invariance[python]" time="0.064" /><testcase classname="tests.test_lora_training" name="test_mobile_trainer_lora_gradient_and_base_invariance[numpy]" time="0.008" /><testcase classname="tests.test_lora_training" name="test_mobile_trainer_lora_periodic_checkpointing_and_naming[python]" time="0.132" /><testcase classname="tests.test_lora_training" name="test_mobile_trainer_lora_periodic_checkpointing_and_naming[numpy]" time="0.051" /><testcase classname="tests.test_lora_training" name="test_mobile_trainer_lora_exact_resume_and_history_continuity[python]" time="0.117" /><testcase classname="tests.test_lora_training" name="test_mobile_trainer_lora_exact_resume_and_history_continuity[numpy]" time="0.067" /><testcase classname="tests.test_lora_training" name="test_mobile_trainer_lora_periodic_save_failure_policy[python]" time="0.027" /><testcase classname="tests.test_lora_training" name="test_mobile_trainer_lora_periodic_save_failure_policy[numpy]" time="0.020" /><testcase classname="tests.test_lora_training" name="test_mobile_trainer_lora_resume_failure_trainer_rollback[python]" time="0.007" /><testcase classname="tests.test_lora_training" name="test_mobile_trainer_lora_resume_failure_trainer_rollback[numpy]" time="0.007" /><testcase classname="tests.test_lora_training" name="test_mobile_trainer_lora_format_mismatch_rejections[python]" time="0.051" /><testcase classname="tests.test_lora_training" name="test_mobile_trainer_lora_format_mismatch_rejections[numpy]" time="0.046" /><testcase classname="tests.test_lora_training" name="test_mobile_trainer_lora_teacher_student_domain_adaptation[python]" time="0.543" /><testcase classname="tests.test_lora_training" name="test_mobile_trainer_lora_teacher_student_domain_adaptation[numpy]" time="0.089" /><testcase classname="tests.test_lora_training" name="test_mobile_trainer_lora_continuous_vs_interrupted_equivalence[python]" time="0.270" /><testcase classname="tests.test_lora_training" name="test_mobile_trainer_lora_continuous_vs_interrupted_equivalence[numpy]" time="0.087" /><testcase classname="tests.test_lora_training" name="test_mobile_trainer_lora_cross_backend_resume" time="0.087" /><testcase classname="tests.test_lora_training" name="test_mobile_trainer_lora_deployment_merge_and_guards[python]" time="0.078" /><testcase classname="tests.test_lora_training" name="test_mobile_trainer_lora_deployment_merge_and_guards[numpy]" time="0.029" /><testcase classname="tests.test_lora_training" name="test_mobile_trainer_lora_callbacks_stop_and_reentrancy[python]" time="0.046" /><testcase classname="tests.test_lora_training" name="test_mobile_trainer_lora_callbacks_stop_and_reentrancy[numpy]" time="0.017" /><testcase classname="tests.test_nn" name="test_parameter_creation[python]" time="0.002" /><testcase classname="tests.test_nn" name="test_parameter_creation[numpy]" time="0.002" /><testcase classname="tests.test_nn" name="test_module_parameter_introspection[python]" time="0.002" /><testcase classname="tests.test_nn" name="test_module_parameter_introspection[numpy]" time="0.001" /><testcase classname="tests.test_nn" name="test_linear_forward_and_backward[python]" time="0.002" /><testcase classname="tests.test_nn" name="test_linear_forward_and_backward[numpy]" time="0.002" /><testcase classname="tests.test_nn" name="test_sequential_container[python]" time="0.002" /><testcase classname="tests.test_nn" name="test_sequential_container[numpy]" time="0.002" /><testcase classname="tests.test_nn" name="test_mse_loss_backward[python]" time="0.002" /><testcase classname="tests.test_nn" name="test_mse_loss_backward[numpy]" time="0.002" /><testcase classname="tests.test_nn" name="test_state_dict_save_and_load[python]" time="0.003" /><testcase classname="tests.test_nn" name="test_state_dict_save_and_load[numpy]" time="0.002" /><testcase classname="tests.test_nn" name="test_sprint3_canonical_pipeline[python]" time="0.003" /><testcase classname="tests.test_nn" name="test_sprint3_canonical_pipeline[numpy]" time="0.002" /><testcase classname="tests.test_nn" name="test_zero_grad_policies[python]" time="0.004" /><testcase classname="tests.test_nn" name="test_zero_grad_policies[numpy]" time="0.003" /><testcase classname="tests.test_nn" name="test_state_dict_deep_copy_isolation[python]" time="0.002" /><testcase classname="tests.test_nn" name="test_state_dict_deep_copy_isolation[numpy]" time="0.002" /><testcase classname="tests.test_nn" name="test_clamp_and_log_ops[python]" time="0.002" /><testcase classname="tests.test_nn" name="test_clamp_and_log_ops[numpy]" time="0.002" /><testcase classname="tests.test_nn" name="test_bce_loss_stability[python]" time="0.006" /><testcase classname="tests.test_nn" name="test_bce_loss_stability[numpy]" time="0.004" /><testcase classname="tests.test_nn" name="test_load_state_dict_errors[python]" time="0.002" /><testcase classname="tests.test_nn" name="test_load_state_dict_errors[numpy]" time="0.002" /><testcase classname="tests.test_nn" name="test_linear_accepts_1d_input[python]" time="0.003" /><testcase classname="tests.test_nn" name="test_linear_accepts_1d_input[numpy]" time="0.002" /><testcase classname="tests.test_nn" name="test_linear_accepts_3d_sequence_input[python]" time="0.004" /><testcase classname="tests.test_nn" name="test_linear_accepts_3d_sequence_input[numpy]" time="0.005" /><testcase classname="tests.test_nn" name="test_linear_shape_errors_and_bias_false[python]" time="0.003" /><testcase classname="tests.test_nn" name="test_linear_shape_errors_and_bias_false[numpy]" time="0.009" /><testcase classname="tests.test_optim" name="test_optimizer_base_validation[python]" time="0.002" /><testcase classname="tests.test_optim" name="test_optimizer_base_validation[numpy]" time="0.002" /><testcase classname="tests.test_optim" name="test_hyperparameter_strict_real_and_bool_rejection[python]" time="0.003" /><testcase classname="tests.test_optim" name="test_hyperparameter_strict_real_and_bool_rejection[numpy]" time="0.002" /><testcase classname="tests.test_optim" name="test_parameter_shape_lock_after_construction[python]" time="0.002" /><testcase classname="tests.test_optim" name="test_parameter_shape_lock_after_construction[numpy]" time="0.003" /><testcase classname="tests.test_optim" name="test_fail_fast_nan_inf_in_param_and_grad[python]" time="0.002" /><testcase classname="tests.test_optim" name="test_fail_fast_nan_inf_in_param_and_grad[numpy]" time="0.002" /><testcase classname="tests.test_optim" name="test_fail_fast_nan_inf_in_adam_states[python]" time="0.003" /><testcase classname="tests.test_optim" name="test_fail_fast_nan_inf_in_adam_states[numpy]" time="0.002" /><testcase classname="tests.test_optim" name="test_optimizer_zero_grad_lifecycle[python]" time="0.002" /><testcase classname="tests.test_optim" name="test_optimizer_zero_grad_lifecycle[numpy]" time="0.004" /><testcase classname="tests.test_optim" name="test_parameter_identity_and_dag_preservation[python]" time="0.002" /><testcase classname="tests.test_optim" name="test_parameter_identity_and_dag_preservation[numpy]" time="0.002" /><testcase classname="tests.test_optim" name="test_optimizer_step_skips_and_errors[python]" time="0.002" /><testcase classname="tests.test_optim" name="test_optimizer_step_skips_and_errors[numpy]" time="0.002" /><testcase classname="tests.test_optim" name="test_sgd_basic_update[python]" time="0.002" /><testcase classname="tests.test_optim" name="test_sgd_basic_update[numpy]" time="0.001" /><testcase classname="tests.test_optim" name="test_sgd_weight_decay[python]" time="0.001" /><testcase classname="tests.test_optim" name="test_sgd_weight_decay[numpy]" time="0.001" /><testcase classname="tests.test_optim" name="test_sgd_momentum_2_steps[python]" time="0.001" /><testcase classname="tests.test_optim" name="test_sgd_momentum_2_steps[numpy]" time="0.002" /><testcase classname="tests.test_optim" name="test_sgd_nesterov[python]" time="0.002" /><testcase classname="tests.test_optim" name="test_sgd_nesterov[numpy]" time="0.002" /><testcase classname="tests.test_optim" name="test_adam_first_and_second_step[python]" time="0.002" /><testcase classname="tests.test_optim" name="test_adam_first_and_second_step[numpy]" time="0.002" /><testcase classname="tests.test_optim" name="test_adamw_vs_adam_weight_decay_distinction[python]" time="0.003" /><testcase classname="tests.test_optim" name="test_adamw_vs_adam_weight_decay_distinction[numpy]" time="0.001" /><testcase classname="tests.test_optim" name="test_adamw_zero_gradient_decay[python]" time="0.002" /><testcase classname="tests.test_optim" name="test_adamw_zero_gradient_decay[numpy]" time="0.002" /><testcase classname="tests.test_optim" name="test_optimizer_state_dict_round_trip[python-SGD]" time="0.003" /><testcase classname="tests.test_optim" name="test_optimizer_state_dict_round_trip[python-Adam]" time="0.010" /><testcase classname="tests.test_optim" name="test_optimizer_state_dict_round_trip[python-AdamW]" time="0.005" /><testcase classname="tests.test_optim" name="test_optimizer_state_dict_round_trip[numpy-SGD]" time="0.004" /><testcase classname="tests.test_optim" name="test_optimizer_state_dict_round_trip[numpy-Adam]" time="0.003" /><testcase classname="tests.test_optim" name="test_optimizer_state_dict_round_trip[numpy-AdamW]" time="0.003" /><testcase classname="tests.test_optim" name="test_atomic_load_state_dict_rollback_on_failure[python]" time="0.002" /><testcase classname="tests.test_optim" name="test_atomic_load_state_dict_rollback_on_failure[numpy]" time="0.002" /><testcase classname="tests.test_optim" name="test_load_state_dict_schema_rejections[python]" time="0.003" /><testcase classname="tests.test_optim" name="test_load_state_dict_schema_rejections[numpy]" time="0.002" /><testcase classname="tests.test_optim" name="test_optimizer_repr[python]" time="0.002" /><testcase classname="tests.test_optim" name="test_optimizer_repr[numpy]" time="0.001" /><testcase classname="tests.test_optim" name="test_sgd_momentum_state_entry_requires_buffer[python]" time="0.001" /><testcase classname="tests.test_optim" name="test_sgd_momentum_state_entry_requires_buffer[numpy]" time="0.001" /><testcase classname="tests.test_optim" name="test_sgd_unstepped_parameter_may_have_no_state_entry[python]" time="0.002" /><testcase classname="tests.test_optim" name="test_sgd_unstepped_parameter_may_have_no_state_entry[numpy]" time="0.002" /><testcase classname="tests.test_optim" name="test_sgd_momentum_disabled_rejects_buffer[python]" time="0.002" /><testcase classname="tests.test_optim" name="test_sgd_momentum_disabled_rejects_buffer[numpy]" time="0.002" /><testcase classname="tests.test_optim" name="test_sgd_unexpected_state_fields_rejected[python]" time="0.001" /><testcase classname="tests.test_optim" name="test_sgd_unexpected_state_fields_rejected[numpy]" time="0.001" /><testcase classname="tests.test_optim" name="test_sgd_step_is_atomic_across_parameters[python]" time="0.002" /><testcase classname="tests.test_optim" name="test_sgd_step_is_atomic_across_parameters[numpy]" time="0.001" /><testcase classname="tests.test_optim" name="test_adam_step_is_atomic_across_parameters[python]" time="0.001" /><testcase classname="tests.test_optim" name="test_adam_step_is_atomic_across_parameters[numpy]" time="0.001" /><testcase classname="tests.test_optim" name="test_adamw_step_is_atomic_across_parameters[python]" time="0.002" /><testcase classname="tests.test_optim" name="test_adamw_step_is_atomic_across_parameters[numpy]" time="0.002" /><testcase classname="tests.test_optim" name="test_optimizer_calculation_overflow_rollback[python]" time="0.001" /><testcase classname="tests.test_optim" name="test_optimizer_calculation_overflow_rollback[numpy]" time="0.002" /><testcase classname="tests.test_package_identity" name="test_official_package_import" time="0.001" /><testcase classname="tests.test_package_identity" name="test_legacy_package_is_removed" time="0.002" /><testcase classname="tests.test_runtime" name="test_checkpoint_save_and_load_round_trip[python]" time="0.020" /><testcase classname="tests.test_runtime" name="test_checkpoint_save_and_load_round_trip[numpy]" time="0.020" /><testcase classname="tests.test_runtime" name="test_checkpoint_checksum_integrity_corruption_rejection[python]" time="0.025" /><testcase classname="tests.test_runtime" name="test_checkpoint_checksum_integrity_corruption_rejection[numpy]" time="0.026" /><testcase classname="tests.test_runtime" name="test_checkpoint_malformed_json_rejection[python]" time="0.004" /><testcase classname="tests.test_runtime" name="test_checkpoint_malformed_json_rejection[numpy]" time="0.004" /><testcase classname="tests.test_runtime" name="test_checkpoint_schema_mismatch_rejection[python]" time="0.029" /><testcase classname="tests.test_runtime" name="test_checkpoint_schema_mismatch_rejection[numpy]" time="0.024" /><testcase classname="tests.test_runtime" name="test_checkpoint_version_mismatch_rejection[python]" time="0.031" /><testcase classname="tests.test_runtime" name="test_checkpoint_version_mismatch_rejection[numpy]" time="0.027" /><testcase classname="tests.test_runtime" name="test_checkpoint_atomic_load_rollback_on_failure[python]" time="0.015" /><testcase classname="tests.test_runtime" name="test_checkpoint_atomic_load_rollback_on_failure[numpy]" time="0.016" /><testcase classname="tests.test_runtime" name="test_checkpoint_rollback_failure_raises_rollback_error[python]" time="0.018" /><testcase classname="tests.test_runtime" name="test_checkpoint_rollback_failure_raises_rollback_error[numpy]" time="0.017" /><testcase classname="tests.test_runtime" name="test_mobile_trainer_fit_and_periodic_checkpoint[python]" time="0.036" /><testcase classname="tests.test_runtime" name="test_mobile_trainer_fit_and_periodic_checkpoint[numpy]" time="0.022" /><testcase classname="tests.test_runtime" name="test_mobile_trainer_explicit_stop_request[python]" time="0.011" /><testcase classname="tests.test_runtime" name="test_mobile_trainer_explicit_stop_request[numpy]" time="0.012" /><testcase classname="tests.test_runtime" name="test_mobile_trainer_resume_exact_consistency[python]" time="0.073" /><testcase classname="tests.test_runtime" name="test_mobile_trainer_resume_exact_consistency[numpy]" time="0.040" /><testcase classname="tests.test_tensor" name="test_tensor_creation_and_shape[python]" time="0.001" /><testcase classname="tests.test_tensor" name="test_tensor_creation_and_shape[numpy]" time="0.001" /><testcase classname="tests.test_tensor" name="test_tensor_ragged_error[python]" time="0.002" /><testcase classname="tests.test_tensor" name="test_tensor_ragged_error[numpy]" time="0.001" /><testcase classname="tests.test_tensor" name="test_tensor_reshape_and_flatten[python]" time="0.002" /><testcase classname="tests.test_tensor" name="test_tensor_reshape_and_flatten[numpy]" time="0.002" /><testcase classname="tests.test_tensor" name="test_tensor_transpose[python]" time="0.002" /><testcase classname="tests.test_tensor" name="test_tensor_transpose[numpy]" time="0.001" /><testcase classname="tests.test_tensor" name="test_tensor_factories[python]" time="0.001" /><testcase classname="tests.test_tensor" name="test_tensor_factories[numpy]" time="0.002" /><testcase classname="tests.test_tensor" name="test_tensor_representation[python]" time="0.001" /><testcase classname="tests.test_tensor" name="test_tensor_representation[numpy]" time="0.001" /><testcase classname="tests.test_tensor" name="test_tensor_data_cross_backend_safety" time="0.001" /><testcase classname="tests.test_tensor" name="test_tensor_constructor_uses_source_backend_when_backend_none" time="0.001" /><testcase classname="tests.test_tensor" name="test_tensor_constructor_backend_override" time="0.001" /><testcase classname="tests.test_tensor" name="test_cross_backend_binary_auto_convert_non_grad" time="0.001" /><testcase classname="tests.test_tensor" name="test_cross_backend_requires_grad_raises" time="0.001" /><testcase classname="tests.test_tokenization" name="test_base_tokenizer_special_tokens_and_constants" time="0.001" /><testcase classname="tests.test_tokenization" name="test_base_tokenizer_unbuilt_error_handling" time="0.001" /><testcase classname="tests.test_tokenization" name="test_base_tokenizer_invalid_input_types" time="0.003" /><testcase classname="tests.test_tokenization" name="test_token_to_id_and_id_to_token_lookups" time="0.002" /><testcase classname="tests.test_tokenization" name="test_tokenizer_serialization_valid_round_trip" time="0.002" /><testcase classname="tests.test_tokenization" name="test_tokenizer_serialization_strict_schema_rejections" time="0.005" /><testcase classname="tests.test_tokenization" name="test_word_tokenizer_config_validation" time="0.002" /><testcase classname="tests.test_tokenization" name="test_byte_tokenizer_config_validation" time="0.005" /><testcase classname="tests.test_tokenization" name="test_unified_special_token_decode_semantics_across_tokenizers" time="0.002" /><testcase classname="tests.test_tokenization" name="test_tokenization_pure_python_isolated_subprocess" time="0.191" /><testcase classname="tests.test_tokenization" name="test_byte_tokenizer_strict_build_vocab_arguments" time="0.002" /><testcase classname="tests.test_tokenization" name="test_byte_tokenizer_strict_decode_error_handling" time="0.001" /><testcase classname="tests.test_tokenization" name="test_byte_tokenizer_exact_round_trip_utf8" time="0.002" /><testcase classname="tests.test_tokenization" name="test_empty_corpus_rejections" time="0.001" /><testcase classname="tests.test_tokenization" name="test_char_tokenizer_deterministic_vocab_and_tie_breaking" time="0.001" /><testcase classname="tests.test_tokenization" name="test_char_tokenizer_min_freq_and_max_vocab_size" time="0.001" /><testcase classname="tests.test_tokenization" name="test_char_tokenizer_known_vocab_exact_round_trip" time="0.001" /><testcase classname="tests.test_tokenization" name="test_char_tokenizer_unknown_character_policy" time="0.001" /><testcase classname="tests.test_tokenization" name="test_char_tokenizer_unicode_multilingual_and_emoji" time="0.001" /><testcase classname="tests.test_tokenization" name="test_word_tokenizer_whitespace_and_punctuation_preservation" time="0.001" /><testcase classname="tests.test_tokenization" name="test_word_tokenizer_deterministic_vocab_and_min_freq" time="0.001" /><testcase classname="tests.test_tokenization" name="test_word_tokenizer_korean_and_multilingual" time="0.001" /><testcase classname="tests.test_tokenization" name="test_word_tokenizer_unknown_word_policy" time="0.001" /><testcase classname="tests.test_tokenization" name="test_all_tokenizers_empty_string" time="0.002" /><testcase classname="tests.test_tokenization" name="test_special_token_literal_text_handling" time="0.002" /><testcase classname="tests.test_training" name="test_xor_convergence_adam[python]" time="0.187" /><testcase classname="tests.test_training" name="test_xor_convergence_adam[numpy]" time="0.035" /><testcase classname="tests.test_training" name="test_xor_convergence_sgd_momentum[python]" time="0.203" /><testcase classname="tests.test_training" name="test_xor_convergence_sgd_momentum[numpy]" time="0.052" /><testcase classname="tests.test_training" name="test_xor_convergence_adamw[python]" time="0.153" /><testcase classname="tests.test_training" name="test_xor_convergence_adamw[numpy]" time="0.054" /><testcase classname="tests.test_training" name="test_linear_no_bias_parameter_count[python]" time="0.001" /><testcase classname="tests.test_training" name="test_linear_no_bias_parameter_count[numpy]" time="0.001" /><testcase classname="tests.test_training" name="test_optimizer_backend_preservation_and_grad_lifecycle[python]" time="0.001" /><testcase classname="tests.test_training" name="test_optimizer_backend_preservation_and_grad_lifecycle[numpy]" time="0.001" /><testcase classname="tests.test_transformer" name="test_layernorm_forward_backward[python]" time="0.005" /><testcase classname="tests.test_transformer" name="test_layernorm_forward_backward[numpy]" time="0.002" /><testcase classname="tests.test_transformer" name="test_multi_head_attention_shapes_and_causal_mask[python]" time="0.685" /><testcase classname="tests.test_transformer" name="test_multi_head_attention_shapes_and_causal_mask[numpy]" time="0.130" /><testcase classname="tests.test_transformer" name="test_transformer_block_forward_backward[python]" time="0.511" /><testcase classname="tests.test_transformer" name="test_transformer_block_forward_backward[numpy]" time="0.153" /><testcase classname="tests.test_transformer" name="test_tiny_transformer_lm_forward_loss_and_generation[python]" time="0.205" /><testcase classname="tests.test_transformer" name="test_tiny_transformer_lm_forward_loss_and_generation[numpy]" time="0.019" /><testcase classname="tests.test_transformer_math" name="test_4d_batched_matmul_attention_shapes[python]" time="0.011" /><testcase classname="tests.test_transformer_math" name="test_4d_batched_matmul_attention_shapes[numpy]" time="0.002" /><testcase classname="tests.test_transformer_math" name="test_broadcasted_batch_matmul_and_unbroadcasting[python]" time="0.012" /><testcase classname="tests.test_transformer_math" name="test_broadcasted_batch_matmul_and_unbroadcasting[numpy]" time="0.002" /><testcase classname="tests.test_transformer_math" name="test_1d_promoted_matmul_combinations[python]" time="0.002" /><testcase classname="tests.test_transformer_math" name="test_1d_promoted_matmul_combinations[numpy]" time="0.002" /><testcase classname="tests.test_transformer_math" name="test_exp_and_sqrt_autograd[python]" time="0.002" /><testcase classname="tests.test_transformer_math" name="test_exp_and_sqrt_autograd[numpy]" time="0.001" /><testcase classname="tests.test_transformer_math" name="test_max_reduction_subgradient[python]" time="0.005" /><testcase classname="tests.test_transformer_math" name="test_max_reduction_subgradient[numpy]" time="0.003" /><testcase classname="tests.test_transformer_math" name="test_swapaxes_and_transpose[python]" time="0.009" /><testcase classname="tests.test_transformer_math" name="test_swapaxes_and_transpose[numpy]" time="0.002" /><testcase classname="tests.test_transformer_math" name="test_stable_logsumexp_and_softmax[python]" time="0.004" /><testcase classname="tests.test_transformer_math" name="test_stable_logsumexp_and_softmax[numpy]" time="0.003" /><testcase classname="tests.test_transformer_math" name="test_deep_dag_iterative_backward_recursion_safety[python]" time="0.052" /><testcase classname="tests.test_transformer_math" name="test_deep_dag_iterative_backward_recursion_safety[numpy]" time="0.047" /></testsuite></testsuites>